<?xml version="1.0" encoding="UTF-8" ?>
<testsuite tests="4" failures="0" name="org.jointheleague.iaroc.entities.TeamTest" time="2.003" errors="0" skipped="0">
  <properties>
[...]
</properties>
  <testcase classname="org.jointheleague.iaroc.entities.TeamTest" name="testCreateTeamMember" time="0.04"/>
  <testcase classname="org.jointheleague.iaroc.entities.TeamTest" name="testInsertTeam" time="0.07"/>
  <testcase classname="org.jointheleague.iaroc.entities.TeamTest" name="testCreateTeam" time="0.005"/>
  <testcase classname="org.jointheleague.iaroc.entities.TeamTest" name="testDeleteTeam" time="0.04"/>
</testsuite>